Revelucide/app/build/intermediates/manifest_merge_blame_file/debug/manifest-merger-blame-debug-report.txt
1<?xml version="1.0" encoding="utf-8"?>
2<manifest xmlns:android="http://schemas.android.com/apk/res/android"
3    package="com.example.revelucide"
4    android:versionCode="1"
5    android:versionName="1.0" >
6
7    <uses-sdk
8        android:minSdkVersion="26"
8-->src\main\AndroidManifest.xml
9        android:targetSdkVersion="30" />
9-->src\main\AndroidManifest.xml
10
11    <uses-permission android:name="com.android.alarm.permission.SET_ALARM" />
11-->src\main\AndroidManifest.xml:5:5-78
11-->src\main\AndroidManifest.xml:5:22-75
12
13    <application
13-->src\main\AndroidManifest.xml:7:5-29:19
14        android:allowBackup="true"
14-->src\main\AndroidManifest.xml:8:9-35
15        android:appComponentFactory="androidx.core.app.CoreComponentFactory"
15-->[androidx.core:core:1.3.1] AndroidManifest.xml:24:18-86
16        android:debuggable="true"
17        android:extractNativeLibs="false"
18        android:icon="@drawable/lucid_dream"
18-->src\main\AndroidManifest.xml:9:9-45
19        android:label="@string/app_name"
19-->src\main\AndroidManifest.xml:10:9-41
20        android:roundIcon="@mipmap/ic_launcher_round"
20-->src\main\AndroidManifest.xml:11:9-54
21        android:supportsRtl="true"
21-->src\main\AndroidManifest.xml:12:9-35
22        android:testOnly="true"
23        android:theme="@style/Theme.MaterialComponents" >
23-->src\main\AndroidManifest.xml:13:9-56
24        <activity android:name="com.example.revelucide.MainActivity" >
24-->src\main\AndroidManifest.xml:14:9-20:20
24-->src\main\AndroidManifest.xml:14:19-47
25            <intent-filter>
25-->src\main\AndroidManifest.xml:15:13-19:29
26                <action android:name="android.intent.action.MAIN" />
26-->src\main\AndroidManifest.xml:16:17-69
26-->src\main\AndroidManifest.xml:16:25-66
27
28                <category android:name="android.intent.category.LAUNCHER" />
28-->src\main\AndroidManifest.xml:18:17-77
28-->src\main\AndroidManifest.xml:18:27-74
29            </intent-filter>
30        </activity>
31        <activity
31-->src\main\AndroidManifest.xml:21:9-22:64
32            android:name="com.example.revelucide.StatistiqueActivity"
32-->src\main\AndroidManifest.xml:21:19-54
33            android:windowSoftInputMode="adjustPan" />
33-->src\main\AndroidManifest.xml:22:13-52
34        <activity
34-->src\main\AndroidManifest.xml:23:9-24:64
35            android:name="com.example.revelucide.RechercheActivity"
35-->src\main\AndroidManifest.xml:23:19-52
36            android:windowSoftInputMode="adjustPan" />
36-->src\main\AndroidManifest.xml:24:13-52
37        <activity
37-->src\main\AndroidManifest.xml:25:9-26:64
38            android:name="com.example.revelucide.RappelActivity"
38-->src\main\AndroidManifest.xml:25:19-49
39            android:windowSoftInputMode="adjustPan" />
39-->src\main\AndroidManifest.xml:26:13-52
40        <activity
40-->src\main\AndroidManifest.xml:27:9-28:64
41            android:name="com.example.revelucide.AjoutActivity"
41-->src\main\AndroidManifest.xml:27:19-48
42            android:windowSoftInputMode="adjustPan" />
42-->src\main\AndroidManifest.xml:28:13-52
43    </application>
44
45</manifest>